app/build/intermediates/manifest_merge_blame_file/debug/manifest-merger-blame-debug-report.txt
1<?xml version="1.0" encoding="utf-8"?>
2<manifest xmlns:android="http://schemas.android.com/apk/res/android"
3    package="com.example.test0"
4    android:versionCode="1"
5    android:versionName="1.0" >
6
7    <uses-sdk
8        android:minSdkVersion="23"
8-->src\main\AndroidManifest.xml
9        android:targetSdkVersion="32" />
9-->src\main\AndroidManifest.xml
10
11    <uses-permission android:name="android.permission.INTERNET" />
11-->src\main\AndroidManifest.xml:5:5-67
11-->src\main\AndroidManifest.xml:5:22-64
12
13    <application
13-->src\main\AndroidManifest.xml:7:5-45:19
14        android:allowBackup="true"
14-->src\main\AndroidManifest.xml:8:9-35
15        android:appComponentFactory="androidx.core.app.CoreComponentFactory"
15-->[androidx.core:core:1.7.0] AndroidManifest.xml:24:18-86
16        android:debuggable="true"
17        android:extractNativeLibs="false"
18        android:icon="@mipmap/ic_launcher"
18-->src\main\AndroidManifest.xml:9:9-43
19        android:label="@string/app_name"
19-->src\main\AndroidManifest.xml:10:9-41
20        android:roundIcon="@mipmap/ic_launcher_round"
20-->src\main\AndroidManifest.xml:11:9-54
21        android:supportsRtl="true"
21-->src\main\AndroidManifest.xml:12:9-35
22        android:testOnly="true"
23        android:theme="@style/Theme.Test0"
23-->src\main\AndroidManifest.xml:13:9-43
24        android:usesCleartextTraffic="true" >
24-->src\main\AndroidManifest.xml:14:9-44
25        <activity
25-->src\main\AndroidManifest.xml:15:9-17:40
26            android:name="com.example.test0.ScreenAnalysisResult"
26-->src\main\AndroidManifest.xml:16:13-49
27            android:exported="false" />
27-->src\main\AndroidManifest.xml:17:13-37
28        <activity
28-->src\main\AndroidManifest.xml:18:9-20:40
29            android:name="com.example.test0.SVRLogin"
29-->src\main\AndroidManifest.xml:19:13-37
30            android:exported="false" />
30-->src\main\AndroidManifest.xml:20:13-37
31        <activity
31-->src\main\AndroidManifest.xml:21:9-23:40
32            android:name="com.example.test0.ScreenPub"
32-->src\main\AndroidManifest.xml:22:13-38
33            android:exported="false" />
33-->src\main\AndroidManifest.xml:23:13-37
34        <activity
34-->src\main\AndroidManifest.xml:24:9-26:40
35            android:name="com.example.test0.ScreenMed"
35-->src\main\AndroidManifest.xml:25:13-38
36            android:exported="false" />
36-->src\main\AndroidManifest.xml:26:13-37
37        <activity
37-->src\main\AndroidManifest.xml:27:9-29:40
38            android:name="com.example.test0.CommonLogin"
38-->src\main\AndroidManifest.xml:28:13-40
39            android:exported="false" />
39-->src\main\AndroidManifest.xml:29:13-37
40        <activity
40-->src\main\AndroidManifest.xml:30:9-32:40
41            android:name="com.example.test0.LoginFin"
41-->src\main\AndroidManifest.xml:31:13-37
42            android:exported="false" />
42-->src\main\AndroidManifest.xml:32:13-37
43        <activity
43-->src\main\AndroidManifest.xml:33:9-35:40
44            android:name="com.example.test0.ScreenFin"
44-->src\main\AndroidManifest.xml:34:13-38
45            android:exported="false" />
45-->src\main\AndroidManifest.xml:35:13-37
46        <activity
46-->src\main\AndroidManifest.xml:36:9-44:20
47            android:name="com.example.test0.MainActivity"
47-->src\main\AndroidManifest.xml:37:13-41
48            android:exported="true" >
48-->src\main\AndroidManifest.xml:38:13-36
49            <intent-filter>
49-->src\main\AndroidManifest.xml:39:13-43:29
50                <action android:name="android.intent.action.MAIN" />
50-->src\main\AndroidManifest.xml:40:17-69
50-->src\main\AndroidManifest.xml:40:25-66
51
52                <category android:name="android.intent.category.LAUNCHER" />
52-->src\main\AndroidManifest.xml:42:17-77
52-->src\main\AndroidManifest.xml:42:27-74
53            </intent-filter>
54        </activity>
55
56        <service
56-->[androidx.room:room-runtime:2.4.0-rc01] AndroidManifest.xml:25:9-28:40
57            android:name="androidx.room.MultiInstanceInvalidationService"
57-->[androidx.room:room-runtime:2.4.0-rc01] AndroidManifest.xml:26:13-74
58            android:directBootAware="true"
58-->[androidx.room:room-runtime:2.4.0-rc01] AndroidManifest.xml:27:13-43
59            android:exported="false" />
59-->[androidx.room:room-runtime:2.4.0-rc01] AndroidManifest.xml:28:13-37
60
61        <provider
61-->[androidx.emoji2:emoji2:1.0.0] AndroidManifest.xml:26:9-34:20
62            android:name="androidx.startup.InitializationProvider"
62-->[androidx.emoji2:emoji2:1.0.0] AndroidManifest.xml:27:13-67
63            android:authorities="com.example.test0.androidx-startup"
63-->[androidx.emoji2:emoji2:1.0.0] AndroidManifest.xml:28:13-68
64            android:exported="false" >
64-->[androidx.emoji2:emoji2:1.0.0] AndroidManifest.xml:29:13-37
65            <meta-data
65-->[androidx.emoji2:emoji2:1.0.0] AndroidManifest.xml:31:13-33:52
66                android:name="androidx.emoji2.text.EmojiCompatInitializer"
66-->[androidx.emoji2:emoji2:1.0.0] AndroidManifest.xml:32:17-75
67                android:value="androidx.startup" />
67-->[androidx.emoji2:emoji2:1.0.0] AndroidManifest.xml:33:17-49
68            <meta-data
68-->[androidx.lifecycle:lifecycle-process:2.4.0] AndroidManifest.xml:31:13-33:52
69                android:name="androidx.lifecycle.ProcessLifecycleInitializer"
69-->[androidx.lifecycle:lifecycle-process:2.4.0] AndroidManifest.xml:32:17-78
70                android:value="androidx.startup" />
70-->[androidx.lifecycle:lifecycle-process:2.4.0] AndroidManifest.xml:33:17-49
71        </provider>
72    </application>
73
74</manifest>